2023-05-31T13:36:45.277+0800	info	log@v0.0.6/log.go:96	receive msg:&{16 mofeise <nil> 1685510919 0xc0003ce000  <nil> 0   0 false <nil>  0 false   / [] <nil> <nil> <nil> <nil> [] <nil> <nil> <nil> <nil>  [] <nil> <nil> <nil> <nil> <nil> <nil> []   [] false false false false <nil> 0 0 <nil> <nil> <nil>  <nil> <nil> <nil> <nil> <nil> <nil> <nil> <nil>}
2023-05-31T13:37:05.171+0800	info	log@v0.0.6/log.go:79	Text: As an AI language model, I am not capable of feeling emotions as humans do. However, I am programmed to understand emotions and respond appropriately with empathetic and supportive language. If you would like to share your feelings, I am here to listen and provide a safe and non-judgmental space for you to express yourself.
2023-05-31T13:38:04.553+0800	info	log@v0.0.6/log.go:96	receive group msg:&{7  0xc0003ce0f0 1685511081 0xc0003ce1e0  <nil> 0   0 false <nil>  0 false   @mofeise_bot hello [{mention 0 12   }] <nil> <nil> <nil> <nil> [] <nil> <nil> <nil> <nil>  [] <nil> <nil> <nil> <nil> <nil> <nil> []   [] false false false false <nil> 0 0 <nil> <nil> <nil>  <nil> <nil> <nil> <nil> <nil> <nil> <nil> <nil>}
2023-05-31T13:43:11.993+0800	info	log@v0.0.6/log.go:96	receive group msg:&{9  0xc00016e000 1685511663 0xc00016e0f0  <nil> 0   0 false <nil>  0 false   @mofeise_bot 喝了lo [{mention 0 12   }] <nil> <nil> <nil> <nil> [] <nil> <nil> <nil> <nil>  [] <nil> <nil> <nil> <nil> <nil> <nil> []   [] false false false false <nil> 0 0 <nil> <nil> <nil>  <nil> <nil> <nil> <nil> <nil> <nil> <nil> <nil>}
2023-05-31T13:46:50.403+0800	info	log@v0.0.6/log.go:96	receive group msg:&{9  0xc0000e2000 1685511663 0xc0000e20f0  <nil> 0   0 false <nil>  0 false   @mofeise_bot 喝了lo [{mention 0 12   }] <nil> <nil> <nil> <nil> [] <nil> <nil> <nil> <nil>  [] <nil> <nil> <nil> <nil> <nil> <nil> []   [] false false false false <nil> 0 0 <nil> <nil> <nil>  <nil> <nil> <nil> <nil> <nil> <nil> <nil> <nil>}
2023-05-31T13:48:59.354+0800	info	log@v0.0.6/log.go:96	receive group msg:&{10  0xc000168000 1685512135 0xc0001680f0  <nil> 0   0 false <nil>  0 false   @mofeise_bot hello [{mention 0 12   }] <nil> <nil> <nil> <nil> [] <nil> <nil> <nil> <nil>  [] <nil> <nil> <nil> <nil> <nil> <nil> []   [] false false false false <nil> 0 0 <nil> <nil> <nil>  <nil> <nil> <nil> <nil> <nil> <nil> <nil> <nil>}
2023-05-31T13:49:09.009+0800	info	log@v0.0.6/log.go:96	group msg:@mofeise_bot hello,&{-1001521952115 channel matrix    <nil>  false   <nil> <nil> 0 0 false  false 0 <nil>}
2023-05-31T14:24:36.459+0800	info	log@v0.0.6/log.go:96	receive group msg:&{11  0xc00007a000 1685514273 0xc00007a0f0  <nil> 0   0 false <nil>  0 false   @mofeise_bot hello [{mention 0 12   }] <nil> <nil> <nil> <nil> [] <nil> <nil> <nil> <nil>  [] <nil> <nil> <nil> <nil> <nil> <nil> []   [] false false false false <nil> 0 0 <nil> <nil> <nil>  <nil> <nil> <nil> <nil> <nil> <nil> <nil> <nil>}
2023-05-31T14:24:42.687+0800	info	log@v0.0.6/log.go:96	group msg:@mofeise_bot hello
2023-05-31T14:26:32.874+0800	info	log@v0.0.6/log.go:96	receive group msg:&{12  0xc000258000 1685514385 0xc0002580f0  <nil> 0   0 false <nil>  0 false   @mofeise_bot hello [{mention 0 12   }] <nil> <nil> <nil> <nil> [] <nil> <nil> <nil> <nil>  [] <nil> <nil> <nil> <nil> <nil> <nil> []   [] false false false false <nil> 0 0 <nil> <nil> <nil>  <nil> <nil> <nil> <nil> <nil> <nil> <nil> <nil>}
2023-05-31T14:26:38.738+0800	info	log@v0.0.6/log.go:96	group msg:@mofeise_bot hello
2023-05-31T14:27:40.885+0800	info	log@v0.0.6/log.go:79	Text: Hi there! How may I assist you today?
2023-05-31T14:27:51.007+0800	info	log@v0.0.6/log.go:96	group msg:@mofeise_bot,Hi there! How may I assist you today?
2023-05-31T14:34:22.332+0800	info	log@v0.0.6/log.go:96	receive group msg:&{13  0xc0002f6000 1685514859 0xc0002f60f0  <nil> 0   0 false <nil>  0 false   @mofeise_bot hello [{mention 0 12   }] <nil> <nil> <nil> <nil> [] <nil> <nil> <nil> <nil>  [] <nil> <nil> <nil> <nil> <nil> <nil> []   [] false false false false <nil> 0 0 <nil> <nil> <nil>  <nil> <nil> <nil> <nil> <nil> <nil> <nil> <nil>}
2023-05-31T14:34:24.858+0800	info	log@v0.0.6/log.go:96	group msg:@mofeise_bot hello
2023-05-31T14:34:26.049+0800	info	log@v0.0.6/log.go:79	Text: Hi there! How can I assist you today?
2023-05-31T14:34:26.049+0800	info	log@v0.0.6/log.go:96	group msg:@mofeise_bot,Hi there! How can I assist you today?
2023-05-31T14:35:03.301+0800	info	log@v0.0.6/log.go:96	receive group msg:&{15  0xc000640000 1685514889 0xc0006400f0  <nil> 0   0 false <nil>  0 false   hello [] <nil> <nil> <nil> <nil> [] <nil> <nil> <nil> <nil>  [] <nil> <nil> <nil> <nil> <nil> <nil> []   [] false false false false <nil> 0 0 <nil> <nil> <nil>  <nil> <nil> <nil> <nil> <nil> <nil> <nil> <nil>}
2023-05-31T14:35:08.449+0800	info	log@v0.0.6/log.go:96	group msg:hello
2023-05-31T14:35:09.138+0800	error	log@v0.0.6/log.go:83	Text: empty input
2023-05-31T14:37:47.033+0800	info	log@v0.0.6/log.go:96	receive group msg:&{16  0xc0005e4000 1685515063 0xc0005e40f0  <nil> 0   0 false <nil>  0 false   hello [] <nil> <nil> <nil> <nil> [] <nil> <nil> <nil> <nil>  [] <nil> <nil> <nil> <nil> <nil> <nil> []   [] false false false false <nil> 0 0 <nil> <nil> <nil>  <nil> <nil> <nil> <nil> <nil> <nil> <nil> <nil>}
2023-05-31T14:37:53.344+0800	info	log@v0.0.6/log.go:96	group msg:hello
2023-05-31T14:38:17.146+0800	info	log@v0.0.6/log.go:79	Text: Hello there! How may I assist you today?
2023-05-31T14:38:17.146+0800	info	log@v0.0.6/log.go:96	group msg:,Hello there! How may I assist you today?
